<?xml version="1.0" encoding="UTF-8"?>
<!-- Generated by org.testng.reporters.JUnitReportReporter -->
<testsuite hostname="DESKTOP-0TU07RR" failures="0" tests="2" name="practice.CrossBoswer" time="35.301" errors="0" timestamp="2023-03-19T20:06:49 IST" skipped="0">
  <testcase classname="practice.CrossBoswer" name="tc2" time="22.658"/>
  <system-out/>
  <testcase classname="practice.CrossBoswer" name="tc2" time="12.643"/>
  <system-out/>
</testsuite> <!-- practice.CrossBoswer -->
