<?xml version="1.0" encoding="UTF-8"?>
<!-- Generated by org.testng.reporters.JUnitReportReporter -->
<testsuite hostname="DESKTOP-0TU07RR" failures="0" tests="2" name="practice.BlueStonMouseOver" time="53.900" errors="0" timestamp="2023-03-19T19:57:30 IST" skipped="0">
  <testcase classname="practice.BlueStonMouseOver" name="mouse" time="18.266"/>
  <system-out/>
  <testcase classname="practice.BlueStonMouseOver" name="mouse" time="35.634"/>
  <system-out/>
</testsuite> <!-- practice.BlueStonMouseOver -->
