<?xml version="1.0" encoding="UTF-8"?>
<!-- Generated by org.testng.reporters.JUnitReportReporter -->
<testsuite hostname="DESKTOP-0TU07RR" failures="0" tests="2" name="practice.bluestone" time="55.185" errors="0" timestamp="2023-03-20T14:46:03 IST" skipped="0">
  <testcase classname="practice.bluestone" name="lauching_browser" time="18.912"/>
  <system-out/>
  <testcase classname="practice.bluestone" name="lauching_browser" time="36.273"/>
  <system-out/>
</testsuite> <!-- practice.bluestone -->
