<?xml version="1.0" encoding="UTF-8"?>
<!-- Generated by org.testng.reporters.JUnitReportReporter -->
<testsuite hostname="DESKTOP-0TU07RR" failures="0" tests="2" name="practice.CrossBoswer" time="47.491" errors="0" timestamp="2023-03-20T14:47:29 IST" skipped="0">
  <testcase classname="practice.CrossBoswer" name="tc2" time="30.151"/>
  <system-out/>
  <testcase classname="practice.CrossBoswer" name="tc2" time="17.340"/>
  <system-out/>
</testsuite> <!-- practice.CrossBoswer -->
