<?xml version="1.0" encoding="UTF-8"?>
<!-- Generated by org.testng.reporters.JUnitReportReporter -->
<testsuite hostname="DESKTOP-0TU07RR" failures="0" tests="2" name="practice.BlueStonMouseOver" time="68.019" errors="0" timestamp="2023-03-20T14:46:03 IST" skipped="0">
  <testcase classname="practice.BlueStonMouseOver" name="mouse" time="44.131"/>
  <system-out/>
  <testcase classname="practice.BlueStonMouseOver" name="mouse" time="23.888"/>
  <system-out/>
</testsuite> <!-- practice.BlueStonMouseOver -->
