<?xml version="1.0" encoding="UTF-8"?>
<!-- Generated by org.testng.reporters.JUnitReportReporter -->
<testsuite hostname="DESKTOP-0TU07RR" failures="0" tests="2" name="practice.bluestone" time="31.010" errors="0" timestamp="2023-03-19T19:57:30 IST" skipped="0">
  <testcase classname="practice.bluestone" name="lauching_browser" time="22.832"/>
  <system-out/>
  <testcase classname="practice.bluestone" name="lauching_browser" time="8.178"/>
  <system-out/>
</testsuite> <!-- practice.bluestone -->
