<?xml version="1.0" encoding="UTF-8"?>
<!-- Generated by org.testng.reporters.JUnitReportReporter -->
<testsuite hostname="DESKTOP-0TU07RR" failures="0" tests="2" name="practice.BlueStoneOffer" time="55.109" errors="0" timestamp="2023-03-20T14:46:03 IST" skipped="0">
  <testcase classname="practice.BlueStoneOffer" name="offer" time="40.929"/>
  <system-out/>
  <testcase classname="practice.BlueStoneOffer" name="offer" time="14.180"/>
  <system-out/>
</testsuite> <!-- practice.BlueStoneOffer -->
