<?xml version="1.0" encoding="UTF-8"?>
<!-- Generated by org.testng.reporters.JUnitReportReporter -->
<testsuite hostname="DESKTOP-0TU07RR" failures="0" tests="1" name="TestNG.TestAnnotaion" time="0.017" errors="0" timestamp="2023-03-20T16:10:08 IST" skipped="0">
  <testcase classname="TestNG.TestAnnotaion" name="test1" time="0.017"/>
  <system-out/>
</testsuite> <!-- TestNG.TestAnnotaion -->
