<?xml version="1.0" encoding="UTF-8"?>
<!-- Generated by org.testng.reporters.JUnitReportReporter -->
<testsuite hostname="DESKTOP-0TU07RR" failures="0" tests="2" name="practice.BlueStoneOffer" time="40.173" errors="0" timestamp="2023-03-19T19:57:30 IST" skipped="0">
  <testcase classname="practice.BlueStoneOffer" name="offer" time="12.406"/>
  <system-out/>
  <testcase classname="practice.BlueStoneOffer" name="offer" time="27.767"/>
  <system-out/>
</testsuite> <!-- practice.BlueStoneOffer -->
